<testsuite name="searchresultspage.Search results page" tests="3" errors="0" failures="0" skipped="0" time="25.435592" timestamp="2022-12-06T23:21:10.391682" hostname="DESKTOP-TP8N17N"><testcase classname="searchresultspage.Search results page" name="Sorting our search results by star rating" status="passed" time="7.247074"><system-out>
<![CDATA[
@scenario.begin
  Scenario: Sorting our search results by star rating
    Given We are on the search results page ... passed in 4.249s
    When We click the sort by button ... passed in 0.089s
    And We select the star rating filter ... passed in 0.069s
    Then Our results will be filtered by price low to high ... passed in 2.840s

@scenario.end
--------------------------------------------------------------------------------
]]>
</system-out></testcase><testcase classname="searchresultspage.Search results page" name="Using the search by property name search filter" status="passed" time="9.412088"><system-out>
<![CDATA[
@scenario.begin
  Scenario: Using the search by property name search filter
    Given We are on the search results page ... passed in 4.134s
    When We click the search by property name search filter ... passed in 0.100s
    And We type a hotel name in the search by property name search filter ... passed in 0.263s
    And We click the first result in the dropdown menu ... passed in 2.008s
    Then Our results page shows the property we are interested in ... passed in 2.907s

@scenario.end
--------------------------------------------------------------------------------
]]>
</system-out></testcase><testcase classname="searchresultspage.Search results page" name="Using the popular filters section on the search results page" status="passed" time="8.77643"><system-out>
<![CDATA[
@scenario.begin
  Scenario: Using the popular filters section on the search results page
    Given We are on the search results page ... passed in 4.198s
    When We click the first filter in the popular filters section ... passed in 0.727s
    And We click the second filter in the popular filters section ... passed in 0.567s
    Then Our results are now filtered by these two criteria ... passed in 3.285s

@scenario.end
--------------------------------------------------------------------------------
]]>
</system-out></testcase></testsuite>